Arguments: 
  /usr/local/Cellar/node/8.4.0/bin/node /usr/local/bin/yarn add

PATH: 
  /usr/local/bin:/usr/bin:/bin:/usr/sbin:/sbin

Yarn version: 
  1.5.1

Node version: 
  8.4.0

Platform: 
  darwin x64

npm manifest: 
  {
    "name": "thread-count",
    "version": "1.0.0",
    "description": "project 3",
    "main": "index.js",
    "author": "Jenny Le",
    "license": "MIT"
  }

yarn manifest: 
  No manifest

Lockfile: 
  No lockfile

Trace: 
  Error: Missing list of packages to add to your project.
      at new MessageError (/usr/local/lib/node_modules/yarn/lib/cli.js:186:110)
      at Object.<anonymous> (/usr/local/lib/node_modules/yarn/lib/cli.js:40587:13)
      at Generator.next (<anonymous>)
      at step (/usr/local/lib/node_modules/yarn/lib/cli.js:98:30)
      at /usr/local/lib/node_modules/yarn/lib/cli.js:116:14
      at Promise (<anonymous>)
      at F (/usr/local/lib/node_modules/yarn/lib/cli.js:23451:28)
      at Object.<anonymous> (/usr/local/lib/node_modules/yarn/lib/cli.js:95:12)
      at Object.run (/usr/local/lib/node_modules/yarn/lib/cli.js:40599:19)
      at run (/usr/local/lib/node_modules/yarn/lib/cli.js:89113:20)
